Connection established!
Message received from server with  {'button': 'KEY_POWER', 'remote': 'SamsungBN59-01054A'}
SamsungBN59-01054A
Message received from server with  {'button': 'KEY_POWER', 'remote': 'SamsungBN59-01054A'}
SamsungBN59-01054A
Message received from server with  {'button': 'KEY_POWER', 'remote': 'SamsungBN59-01054A'}
SamsungBN59-01054A
Message received from server with  {'button': 'KEY_POWER', 'remote': 'SamsungBN59-01054A'}
SamsungBN59-01054A
Message received from server with  {'button': 'KEY_POWER', 'remote': 'SamsungBN59-01054A'}
SamsungBN59-01054A
Message received from server with  {'button': 'KEY_POWER', 'remote': 'SamsungBN59-01054A'}
SamsungBN59-01054A
Connection established!
Connection established!
Connection established!
Message received from server with  {'button': 'KEY_POWER', 'remote': 'SamsungBN59-01054A'}
SamsungBN59-01054A
Message received from server with  {'button': 'KEY_POWER', 'remote': 'SamsungBN59-01054A'}
SamsungBN59-01054A
Message received from server with  {'button': 'KEY_POWER', 'remote': 'SamsungBN59-01054A'}
SamsungBN59-01054A
Message received from server with  {'button': 'KEY_POWER', 'remote': 'SamsungBN59-01054A'}
SamsungBN59-01054A
Message received from server with  {'button': 'KEY_POWER', 'remote': 'SamsungBN59-01054A'}
SamsungBN59-01054A
Message received from server with  {'button': 'KEY_POWER', 'remote': 'SamsungBN59-01054A'}
SamsungBN59-01054A
Message received from server with  {'button': 'KEY_POWER', 'remote': 'SamsungBN59-01054A'}
SamsungBN59-01054A
Message received from server with  {'button': 'KEY_MENU', 'remote': 'SamsungBN59-01054A'}
SamsungBN59-01054A
Message received from server with  {'button': 'KEY_MENU', 'remote': 'SamsungBN59-01054A'}
SamsungBN59-01054A
Message received from server with  {'button': 'KEY_MENU', 'remote': 'SamsungBN59-01054A'}
SamsungBN59-01054A
Message received from server with  {'button': 'KEY_MENU', 'remote': 'SamsungBN59-01054A'}
SamsungBN59-01054A
Message received from server with  {'button': 'KEY_MENU', 'remote': 'SamsungBN59-01054A'}
SamsungBN59-01054A
Message received from server with  {'button': 'KEY_MENU', 'remote': 'SamsungBN59-01054A'}
SamsungBN59-01054A
Message received from server with  {'button': 'KEY_MENU', 'remote': 'SamsungBN59-01054A'}
SamsungBN59-01054A
Message received from server with  {'button': 'KEY_MENU', 'remote': 'SamsungBN59-01054A'}
SamsungBN59-01054A
Message received from server with  {'button': 'KEY_MENU', 'remote': 'SamsungBN59-01054A'}
SamsungBN59-01054A
Message received from server with  {'button': 'KEY_MENU', 'remote': 'SamsungBN59-01054A'}
SamsungBN59-01054A
Message received from server with  {'button': 'KEY_MENU', 'remote': 'SamsungBN59-01054A'}
SamsungBN59-01054A
Message received from server with  {'button': 'KEY_MENU', 'remote': 'SamsungBN59-01054A'}
SamsungBN59-01054A
Message received from server with  {'button': 'KEY_MENU', 'remote': 'SamsungBN59-01054A'}
SamsungBN59-01054A
Message received from server with  {'button': 'KEY_MENU', 'remote': 'SamsungBN59-01054A'}
SamsungBN59-01054A
Message received from server with  {'button': 'KEY_MENU', 'remote': 'SamsungBN59-01054A'}
SamsungBN59-01054A
Message received from server with  {'button': 'KEY_MENU', 'remote': 'SamsungBN59-01054A'}
SamsungBN59-01054A
Message received from server with  {'button': 'KEY_MENU', 'remote': 'SamsungBN59-01054A'}
SamsungBN59-01054A
Message received from server with  {'button': 'KEY_MENU', 'remote': 'SamsungBN59-01054A'}
SamsungBN59-01054A
Message received from server with  {'button': 'KEY_MENU', 'remote': 'SamsungBN59-01054A'}
SamsungBN59-01054A
Message received from server with  {'button': 'KEY_MENU', 'remote': 'SamsungBN59-01054A'}
SamsungBN59-01054A
Message received from server with  {'button': 'KEY_POWER', 'remote': 'SamsungBN59-01054A'}
SamsungBN59-01054A
Connection established!
Connection established!
Message received from server with  {'button': 'KEY_POWER', 'remote': 'SamsungBN59-01054A'}
SamsungBN59-01054A
Message received from server with  {'button': 'KEY_POWER', 'remote': 'SamsungBN59-01054A'}
SamsungBN59-01054A
Message received from server with  {'button': 'KEY_POWER', 'remote': 'SamsungBN59-01054A'}
SamsungBN59-01054A
Message received from server with  {'button': 'KEY_POWER', 'remote': 'SamsungBN59-01054A'}
SamsungBN59-01054A
Message received from server with  {'button': 'KEY_POWER', 'remote': 'SamsungBN59-01054A'}
SamsungBN59-01054A
Message received from server with  {'button': 'KEY_POWER', 'remote': 'SamsungBN59-01054A'}
SamsungBN59-01054A
Message received from server with  {'button': 'KEY_POWER', 'remote': 'SamsungBN59-01054A'}
SamsungBN59-01054A
Message received from server with  {'button': 'KEY_POWER', 'remote': 'SamsungBN59-01054A'}
SamsungBN59-01054A
Message received from server with  {'button': 'KEY_POWER', 'remote': 'SamsungBN59-01054A'}
SamsungBN59-01054A
Message received from server with  {'button': 'KEY_MUTE', 'remote': 'SamsungBN59-01054A'}
SamsungBN59-01054A
Message received from server with  {'button': 'KEY_MUTE', 'remote': 'SamsungBN59-01054A'}
SamsungBN59-01054A
Message received from server with  {'button': 'KEY_MUTE', 'remote': 'SamsungBN59-01054A'}
SamsungBN59-01054A
Message received from server with  {'button': 'KEY_MUTE', 'remote': 'SamsungBN59-01054A'}
SamsungBN59-01054A
Message received from server with  {'button': 'KEY_MUTE', 'remote': 'SamsungBN59-01054A'}
SamsungBN59-01054A
Message received from server with  {'button': 'KEY_MUTE', 'remote': 'SamsungBN59-01054A'}
SamsungBN59-01054A
Message received from server with  {'button': 'KEY_MENU', 'remote': 'SamsungBN59-01054A'}
SamsungBN59-01054A
Message received from server with  {'button': 'KEY_MENU', 'remote': 'SamsungBN59-01054A'}
SamsungBN59-01054A
Message received from server with  {'button': 'KEY_MUTE', 'remote': 'SamsungBN59-01054A'}
SamsungBN59-01054A
Message received from server with  {'button': 'KEY_POWER', 'remote': 'SamsungBN59-01054A'}
SamsungBN59-01054A
Message received from server with  {'button': 'KEY_POWER', 'remote': 'SamsungBN59-01054A'}
SamsungBN59-01054A
Message received from server with  {'button': 'KEY_CHANNELUP', 'remote': 'SamsungBN59-01054A'}
SamsungBN59-01054A
Message received from server with  {'button': 'KEY_CHANNELUP', 'remote': 'SamsungBN59-01054A'}
SamsungBN59-01054A
Message received from server with  {'button': 'KEY_CHANNELUP', 'remote': 'SamsungBN59-01054A'}
SamsungBN59-01054A
Message received from server with  {'button': 'KEY_VOLUMEUP', 'remote': 'SamsungBN59-01054A'}
SamsungBN59-01054A
Message received from server with  {'button': 'KEY_VOLUMEUP', 'remote': 'SamsungBN59-01054A'}
SamsungBN59-01054A
Message received from server with  {'button': 'KEY_VOLUMEUP', 'remote': 'SamsungBN59-01054A'}
SamsungBN59-01054A
Message received from server with  {'button': 'KEY_VOLUMEUP', 'remote': 'SamsungBN59-01054A'}
SamsungBN59-01054A
Message received from server with  {'button': 'KEY_VOLUMEUP', 'remote': 'SamsungBN59-01054A'}
SamsungBN59-01054A
Message received from server with  {'button': 'KEY_VOLUMEUP', 'remote': 'SamsungBN59-01054A'}
SamsungBN59-01054A
Message received from server with  {'button': 'KEY_VOLUMEUP', 'remote': 'SamsungBN59-01054A'}
SamsungBN59-01054A
Message received from server with  {'button': 'KEY_VOLUMEUP', 'remote': 'SamsungBN59-01054A'}
SamsungBN59-01054A
Message received from server with  {'button': 'KEY_VOLUMEUP', 'remote': 'SamsungBN59-01054A'}
SamsungBN59-01054A
Message received from server with  {'button': 'KEY_VOLUMEUP', 'remote': 'SamsungBN59-01054A'}
SamsungBN59-01054A
Message received from server with  {'button': 'KEY_VOLUMEUP', 'remote': 'SamsungBN59-01054A'}
SamsungBN59-01054A
Message received from server with  {'button': 'KEY_VOLUMEUP', 'remote': 'SamsungBN59-01054A'}
SamsungBN59-01054A
Message received from server with  {'button': 'KEY_VOLUMEUP', 'remote': 'SamsungBN59-01054A'}
SamsungBN59-01054A
Message received from server with  {'button': 'KEY_VOLUMEUP', 'remote': 'SamsungBN59-01054A'}
SamsungBN59-01054A
Message received from server with  {'button': 'KEY_VOLUMEUP', 'remote': 'SamsungBN59-01054A'}
SamsungBN59-01054A
Message received from server with  {'button': 'KEY_VOLUMEUP', 'remote': 'SamsungBN59-01054A'}
SamsungBN59-01054A
Message received from server with  {'button': 'KEY_VOLUMEUP', 'remote': 'SamsungBN59-01054A'}
SamsungBN59-01054A
Message received from server with  {'button': 'KEY_VOLUMEUP', 'remote': 'SamsungBN59-01054A'}
SamsungBN59-01054A
Message received from server with  {'button': 'KEY_VOLUMEUP', 'remote': 'SamsungBN59-01054A'}
SamsungBN59-01054A
Message received from server with  {'button': 'KEY_VOLUMEUP', 'remote': 'SamsungBN59-01054A'}
SamsungBN59-01054A
Message received from server with  {'button': 'KEY_VOLUMEUP', 'remote': 'SamsungBN59-01054A'}
SamsungBN59-01054A
Message received from server with  {'button': 'KEY_VOLUMEUP', 'remote': 'SamsungBN59-01054A'}
SamsungBN59-01054A
Message received from server with  {'button': 'KEY_VOLUMEUP', 'remote': 'SamsungBN59-01054A'}
SamsungBN59-01054A
Message received from server with  {'button': 'KEY_VOLUMEUP', 'remote': 'SamsungBN59-01054A'}
SamsungBN59-01054A
Message received from server with  {'button': 'KEY_VOLUMEUP', 'remote': 'SamsungBN59-01054A'}
SamsungBN59-01054A
Message received from server with  {'button': 'KEY_VOLUMEUP', 'remote': 'SamsungBN59-01054A'}
SamsungBN59-01054A
Message received from server with  {'button': 'KEY_VOLUMEUP', 'remote': 'SamsungBN59-01054A'}
SamsungBN59-01054A
Message received from server with  {'button': 'KEY_VOLUMEUP', 'remote': 'SamsungBN59-01054A'}
SamsungBN59-01054A
Message received from server with  {'button': 'KEY_VOLUMEUP', 'remote': 'SamsungBN59-01054A'}
SamsungBN59-01054A
Message received from server with  {'button': 'KEY_VOLUMEUP', 'remote': 'SamsungBN59-01054A'}
SamsungBN59-01054A
Message received from server with  {'button': 'KEY_VOLUMEUP', 'remote': 'SamsungBN59-01054A'}
SamsungBN59-01054A
Message received from server with  {'button': 'KEY_VOLUMEUP', 'remote': 'SamsungBN59-01054A'}
SamsungBN59-01054A
Message received from server with  {'button': 'KEY_VOLUMEUP', 'remote': 'SamsungBN59-01054A'}
SamsungBN59-01054A
Message received from server with  {'button': 'KEY_VOLUMEDOWN', 'remote': 'SamsungBN59-01054A'}
SamsungBN59-01054A
Message received from server with  {'button': 'KEY_VOLUMEDOWN', 'remote': 'SamsungBN59-01054A'}
SamsungBN59-01054A
Message received from server with  {'button': 'KEY_VOLUMEDOWN', 'remote': 'SamsungBN59-01054A'}
SamsungBN59-01054A
Message received from server with  {'button': 'KEY_VOLUMEDOWN', 'remote': 'SamsungBN59-01054A'}
SamsungBN59-01054A
Message received from server with  {'button': 'KEY_VOLUMEDOWN', 'remote': 'SamsungBN59-01054A'}
SamsungBN59-01054A
Message received from server with  {'button': 'KEY_MENU', 'remote': 'SamsungBN59-01054A'}
SamsungBN59-01054A
Message received from server with  {'button': 'KEY_POWER', 'remote': 'SamsungBN59-01054A'}
SamsungBN59-01054A
Message received from server with  {'button': 'KEY_POWER', 'remote': 'SamsungBN59-01054A'}
SamsungBN59-01054A
Message received from server with  {'button': 'KEY_POWER', 'remote': 'SamsungBN59-01054A'}
SamsungBN59-01054A
Message received from server with  {'button': 'KEY_POWER', 'remote': 'SamsungBN59-01054A'}
SamsungBN59-01054A
Message received from server with  {'button': 'KEY_VOLUMEUP', 'remote': 'SamsungBN59-01054A'}
SamsungBN59-01054A
Message received from server with  {'button': 'KEY_VOLUMEUP', 'remote': 'SamsungBN59-01054A'}
SamsungBN59-01054A
Message received from server with  {'button': 'KEY_VOLUMEDOWN', 'remote': 'SamsungBN59-01054A'}
SamsungBN59-01054A
Message received from server with  {'button': 'KEY_VOLUMEDOWN', 'remote': 'SamsungBN59-01054A'}
SamsungBN59-01054A
Message received from server with  {'button': 'KEY_VOLUMEUP', 'remote': 'SamsungBN59-01054A'}
SamsungBN59-01054A
Message received from server with  {'button': 'KEY_VOLUMEUP', 'remote': 'SamsungBN59-01054A'}
SamsungBN59-01054A
Message received from server with  {'button': 'KEY_VOLUMEUP', 'remote': 'SamsungBN59-01054A'}
SamsungBN59-01054A
Message received from server with 